QuestaSim-64 qrun 2024.1 Utility 2024.02 Feb  1 2024
Start time: 11:31:33 on Apr 15,2025
qrun Comparator.sv "+acc" "+r" 
QuestaSim-64 vlog 2024.1 Compiler 2024.02 Feb  1 2024
Start time: 11:31:33 on Apr 15,2025
vlog Comparator.sv -work ./work -statslog qrun.out/stats_log -writesessionid "+qrun.out/top_dus" -csession=incr -csessionid=0 
-- Compiling module Comparator
** Warning: Comparator.sv(3): (vlog-2244) Variable 'a' is implicitly static. You must either explicitly declare it as static or automatic
or remove the initialization in the declaration of variable.
** Warning: Comparator.sv(4): (vlog-2244) Variable 'b' is implicitly static. You must either explicitly declare it as static or automatic
or remove the initialization in the declaration of variable.

Top level modules:
	Comparator
End time: 11:31:33 on Apr 15,2025, Elapsed time: 0:00:00
Errors: 0, Warnings: 2
QuestaSim-64 vopt 2024.1 Compiler 2024.02 Feb  1 2024
** Warning: (vopt-10587) Some optimizations are turned off because the +acc switch is in effect. This will cause your simulation to run slowly. Please use -access/-debug to maintain needed visibility.
Start time: 11:31:33 on Apr 15,2025
vopt "+acc" -findtoplevels /home/khang/Documents/my_code/SystemVerilog/arrays/Operations/work+0+ -work ./work -statslog qrun.out/stats_log -csession=incr -o qrun_opt -csessionid=2 

Top level modules:
	Comparator

Analyzing design...
-- Loading module Comparator
Incremental compilation check found no design-units (out of 1) may be reused.
Optimizing 1 design-unit (inlining 0/1 module instances):
-- Optimizing module Comparator(fast)
** Warning: Comparator.sv(3): (vopt-2244) Variable 'a' is implicitly static. You must either explicitly declare it as static or automatic
or remove the initialization in the declaration of variable.
** Warning: Comparator.sv(4): (vopt-2244) Variable 'b' is implicitly static. You must either explicitly declare it as static or automatic
or remove the initialization in the declaration of variable.
Optimized design name is qrun_opt
End time: 11:31:33 on Apr 15,2025, Elapsed time: 0:00:00
Errors: 0, Warnings: 3
# vsim "+r" -lib ./work -c -do "run -all; quit -f" -statslog qrun.out/stats_log qrun_opt -appendlog -l qrun.log -csession=incr -csessionid=3 
# Start time: 11:31:35 on Apr 15,2025
# //  Questa Sim-64
# //  Version 2024.1 linux_x86_64 Feb  1 2024
# //
# // Unpublished work. Copyright 2024 Siemens
# //
# // This material contains trade secrets or otherwise confidential information
# // owned by Siemens Industry Software Inc. or its affiliates (collectively,
# // "SISW"), or its licensors. Access to and use of this information is strictly
# // limited as set forth in the Customer's applicable agreements with SISW.
# //
# // This material may not be copied, distributed, or otherwise disclosed outside
# // of the Customer's facilities without the express written permission of SISW,
# // and may not be used in any way not expressly authorized by SISW.
# //
# Loading sv_std.std
# Loading work.Comparator(fast)
# run -all
# a != b
# a != b
# a[1:4] == b[1:4]
#  quit -f
# End time: 11:31:35 on Apr 15,2025, Elapsed time: 0:00:00
# Errors: 0, Warnings: 0
End time: 11:31:36 on Apr 15,2025, Elapsed time: 0:00:03
*** Summary *********************************************
    qrun: Errors:   0, Warnings:   0
    vlog: Errors:   0, Warnings:   2
    vopt: Errors:   0, Warnings:   3
    vsim: Errors:   0, Warnings:   0
  Totals: Errors:   0, Warnings:   5
