QuestaSim-64 qrun 2024.1 Utility 2024.02 Feb  1 2024
Start time: 13:26:30 on Apr 17,2025
qrun struct.sv "+acc" "+r" 
Creating library './work'.
QuestaSim-64 vlog 2024.1 Compiler 2024.02 Feb  1 2024
Start time: 13:26:31 on Apr 17,2025
vlog struct.sv -work ./work -statslog qrun.out/stats_log -writesessionid "+qrun.out/top_dus" -csession=incr -csessionid=0 
-- Compiling module struct_test
** Warning: struct.sv(14): (vlog-2244) Variable 'st' is implicitly static. You must either explicitly declare it as static or automatic
or remove the initialization in the declaration of variable.

Top level modules:
	struct_test
End time: 13:26:32 on Apr 17,2025, Elapsed time: 0:00:01
Errors: 0, Warnings: 1
QuestaSim-64 vopt 2024.1 Compiler 2024.02 Feb  1 2024
** Warning: (vopt-10587) Some optimizations are turned off because the +acc switch is in effect. This will cause your simulation to run slowly. Please use -access/-debug to maintain needed visibility.
Start time: 13:26:33 on Apr 17,2025
vopt "+acc" -findtoplevels /home/khang/Documents/my_code/SystemVerilog/struct/work+0+ -work ./work -statslog qrun.out/stats_log -csession=incr -o qrun_opt -csessionid=1 

Top level modules:
	struct_test

Analyzing design...
-- Loading module struct_test
Optimizing 1 design-unit (inlining 0/1 module instances):
-- Optimizing module struct_test(fast)
** Warning: struct.sv(14): (vopt-2244) Variable 'st' is implicitly static. You must either explicitly declare it as static or automatic
or remove the initialization in the declaration of variable.
Optimized design name is qrun_opt
End time: 13:26:34 on Apr 17,2025, Elapsed time: 0:00:01
Errors: 0, Warnings: 2
# vsim "+r" -lib ./work -c -do "run -all; quit -f" -statslog qrun.out/stats_log qrun_opt -appendlog -l qrun.log -csession=incr -csessionid=2 
# Start time: 13:26:37 on Apr 17,2025
# //  Questa Sim-64
# //  Version 2024.1 linux_x86_64 Feb  1 2024
# //
# // Unpublished work. Copyright 2024 Siemens
# //
# // This material contains trade secrets or otherwise confidential information
# // owned by Siemens Industry Software Inc. or its affiliates (collectively,
# // "SISW"), or its licensors. Access to and use of this information is strictly
# // limited as set forth in the Customer's applicable agreements with SISW.
# //
# // This material may not be copied, distributed, or otherwise disclosed outside
# // of the Customer's facilities without the express written permission of SISW,
# // and may not be used in any way not expressly authorized by SISW.
# //
# Loading sv_std.std
# Loading work.struct_test(fast)
# run -all
# str = aaaaaaaa bb cccc dddddddd 
#  quit -f
# End time: 13:26:38 on Apr 17,2025, Elapsed time: 0:00:01
# Errors: 0, Warnings: 0
End time: 13:26:39 on Apr 17,2025, Elapsed time: 0:00:09
*** Summary *********************************************
    qrun: Errors:   0, Warnings:   0
    vlog: Errors:   0, Warnings:   1
    vopt: Errors:   0, Warnings:   2
    vsim: Errors:   0, Warnings:   0
  Totals: Errors:   0, Warnings:   3
