QuestaSim-64 qrun 2024.1 Utility 2024.02 Feb  1 2024
Start time: 11:23:45 on Apr 19,2025
qrun string.sv "+acc" "+r" 
QuestaSim-64 vlog 2024.1 Compiler 2024.02 Feb  1 2024
Start time: 11:23:45 on Apr 19,2025
vlog string.sv -work ./work -statslog qrun.out/stats_log -writesessionid "+qrun.out/top_dus" -csession=incr -csessionid=0 
-- Compiling module string_test

Top level modules:
	string_test
End time: 11:23:45 on Apr 19,2025, Elapsed time: 0:00:00
Errors: 0, Warnings: 0
-- Skipping vopt
# vsim "+r" -lib ./work -c -do "run -all; quit -f" -statslog qrun.out/stats_log qrun_opt -appendlog -l qrun.log -csession=incr -csessionid=2 
# Start time: 11:23:47 on Apr 19,2025
# //  Questa Sim-64
# //  Version 2024.1 linux_x86_64 Feb  1 2024
# //
# // Unpublished work. Copyright 2024 Siemens
# //
# // This material contains trade secrets or otherwise confidential information
# // owned by Siemens Industry Software Inc. or its affiliates (collectively,
# // "SISW"), or its licensors. Access to and use of this information is strictly
# // limited as set forth in the Customer's applicable agreements with SISW.
# //
# // This material may not be copied, distributed, or otherwise disclosed outside
# // of the Customer's facilities without the express written permission of SISW,
# // and may not be used in any way not expressly authorized by SISW.
# //
# Loading sv_std.std
# Loading work.string_test(fast)
# run -all
# IEEE
#   73
# ieee
# E-18
# @0: IEE-1800    42
#  quit -f
# End time: 11:23:47 on Apr 19,2025, Elapsed time: 0:00:00
# Errors: 0, Warnings: 0
End time: 11:23:47 on Apr 19,2025, Elapsed time: 0:00:02
*** Summary *********************************************
    qrun: Errors:   0, Warnings:   0
    vlog: Errors:   0, Warnings:   0
    vsim: Errors:   0, Warnings:   0
  Totals: Errors:   0, Warnings:   0
